<?xml version="1.0" encoding="UTF-8"?>
<testng-results ignored="0" total="2" passed="2" failed="0" skipped="0">
  <reporter-output>
  </reporter-output>
  <suite started-at="2022-06-28T16:09:51Z" name="Command line suite" finished-at="2022-06-28T16:09:57Z" duration-ms="6247">
    <groups>
    </groups>
    <test started-at="2022-06-28T16:09:51Z" name="Command line test" finished-at="2022-06-28T16:09:57Z" duration-ms="6247">
      <class name="com.happyfares.config.Webdriverconfig">
        <test-method signature="Chromeconfig()[pri:0, instance:com.happyfares.config.Webdriverconfig@38b5f25]" started-at="2022-06-28T16:09:51Z" name="Chromeconfig" finished-at="2022-06-28T16:09:54Z" duration-ms="3794" status="PASS">
          <reporter-output>
          </reporter-output>
        </test-method> <!-- Chromeconfig -->
        <test-method signature="Chromeconfig()[pri:0, instance:com.happyfares.config.Webdriverconfig@38b5f25]" started-at="2022-06-28T16:09:54Z" name="Chromeconfig" finished-at="2022-06-28T16:09:57Z" duration-ms="2445" status="PASS">
          <reporter-output>
          </reporter-output>
        </test-method> <!-- Chromeconfig -->
      </class> <!-- com.happyfares.config.Webdriverconfig -->
    </test> <!-- Command line test -->
  </suite> <!-- Command line suite -->
</testng-results>
